This file contains any messages produced by compilers while
running configure, to aid debugging if configure makes a mistake.

It was created by BoNeSi configure 0.3.1, which was
generated by GNU Autoconf 2.69.  Invocation command line was

  $ ./configure --no-create --no-recursion

## --------- ##
## Platform. ##
## --------- ##

hostname = ubuntu
uname -m = x86_64
uname -r = 3.19.0-25-generic
uname -s = Linux
uname -v = #26~14.04.1-Ubuntu SMP Fri Jul 24 21:16:20 UTC 2015

/usr/bin/uname -p = unknown
/bin/uname -X     = unknown

/bin/arch              = unknown
/usr/bin/arch -k       = unknown
/usr/convex/getsysinfo = unknown
/usr/bin/hostinfo      = unknown
/bin/machine           = unknown
/usr/bin/oslevel       = unknown
/bin/universe          = unknown

PATH: /home/sunchen/workspace/docker/kubernetes/kubernetes/server/kubernetes/server/bin
PATH: /usr/local/sbin
PATH: /usr/local/bin
PATH: /usr/sbin
PATH: /usr/bin
PATH: /sbin
PATH: /bin
PATH: /usr/games
PATH: /usr/local/games


## ----------- ##
## Core tests. ##
## ----------- ##

configure:2296: checking for a BSD-compatible install
configure:2364: result: /usr/bin/install -c
configure:2375: checking whether build environment is sane
configure:2430: result: yes
configure:2468: WARNING: 'missing' script is too old or missing
configure:2581: checking for a thread-safe mkdir -p
configure:2620: result: /bin/mkdir -p
configure:2627: checking for gawk
configure:2657: result: no
configure:2627: checking for mawk
configure:2643: found /usr/bin/mawk
configure:2654: result: mawk
configure:2665: checking whether make sets $(MAKE)
configure:2687: result: yes
configure:2716: checking whether make supports nested variables
configure:2733: result: yes
configure:3004: checking that generated files are newer than configure
configure:3010: result: done
configure:3018: creating ./config.status
configure:4093: checking for gcc
configure:4109: found /usr/bin/gcc
configure:4120: result: gcc
configure:4349: checking for C compiler version
configure:4358: gcc --version >&5
gcc (Ubuntu 4.8.4-2ubuntu1~14.04.3) 4.8.4
Copyright (C) 2013 Free Software Foundation, Inc.
This is free software; see the source for copying conditions.  There is NO
warranty; not even for MERCHANTABILITY or FITNESS FOR A PARTICULAR PURPOSE.

configure:4369: $? = 0
configure:4358: gcc -v >&5
Using built-in specs.
COLLECT_GCC=gcc
COLLECT_LTO_WRAPPER=/usr/lib/gcc/x86_64-linux-gnu/4.8/lto-wrapper
Target: x86_64-linux-gnu
Configured with: ../src/configure -v --with-pkgversion='Ubuntu 4.8.4-2ubuntu1~14.04.3' --with-bugurl=file:///usr/share/doc/gcc-4.8/README.Bugs --enable-languages=c,c++,java,go,d,fortran,objc,obj-c++ --prefix=/usr --program-suffix=-4.8 --enable-shared --enable-linker-build-id --libexecdir=/usr/lib --without-included-gettext --enable-threads=posix --with-gxx-include-dir=/usr/include/c++/4.8 --libdir=/usr/lib --enable-nls --with-sysroot=/ --enable-clocale=gnu --enable-libstdcxx-debug --enable-libstdcxx-time=yes --enable-gnu-unique-object --disable-libmudflap --enable-plugin --with-system-zlib --disable-browser-plugin --enable-java-awt=gtk --enable-gtk-cairo --with-java-home=/usr/lib/jvm/java-1.5.0-gcj-4.8-amd64/jre --enable-java-home --with-jvm-root-dir=/usr/lib/jvm/java-1.5.0-gcj-4.8-amd64 --with-jvm-jar-dir=/usr/lib/jvm-exports/java-1.5.0-gcj-4.8-amd64 --with-arch-directory=amd64 --with-ecj-jar=/usr/share/java/eclipse-ecj.jar --enable-objc-gc --enable-multiarch --disable-werror --with-arch-32=i686 --with-abi=m64 --with-multilib-list=m32,m64,mx32 --with-tune=generic --enable-checking=release --build=x86_64-linux-gnu --host=x86_64-linux-gnu --target=x86_64-linux-gnu
Thread model: posix
gcc version 4.8.4 (Ubuntu 4.8.4-2ubuntu1~14.04.3) 
configure:4369: $? = 0
configure:4358: gcc -V >&5
gcc: error: unrecognized command line option '-V'
gcc: fatal error: no input files
compilation terminated.
configure:4369: $? = 4
configure:4358: gcc -qversion >&5
gcc: error: unrecognized command line option '-qversion'
gcc: fatal error: no input files
compilation terminated.
configure:4369: $? = 4
configure:4389: checking whether the C compiler works
configure:4411: gcc    conftest.c  >&5
configure:4415: $? = 0
configure:4463: result: yes
configure:4466: checking for C compiler default output file name
configure:4468: result: a.out
configure:4474: checking for suffix of executables
configure:4481: gcc -o conftest    conftest.c  >&5
configure:4485: $? = 0
configure:4507: result: 
configure:4529: checking whether we are cross compiling
configure:4537: gcc -o conftest    conftest.c  >&5
configure:4541: $? = 0
configure:4548: ./conftest
configure:4552: $? = 0
configure:4567: result: no
configure:4572: checking for suffix of object files
configure:4594: gcc -c   conftest.c >&5
configure:4598: $? = 0
configure:4619: result: o
configure:4623: checking whether we are using the GNU C compiler
configure:4642: gcc -c   conftest.c >&5
configure:4642: $? = 0
configure:4651: result: yes
configure:4660: checking whether gcc accepts -g
configure:4680: gcc -c -g  conftest.c >&5
configure:4680: $? = 0
configure:4721: result: yes
configure:4738: checking for gcc option to accept ISO C89
configure:4801: gcc  -c -g -O2  conftest.c >&5
configure:4801: $? = 0
configure:4814: result: none needed
configure:4839: checking whether gcc understands -c and -o together
configure:4861: gcc -c conftest.c -o conftest2.o
configure:4864: $? = 0
configure:4861: gcc -c conftest.c -o conftest2.o
configure:4864: $? = 0
configure:4876: result: yes
configure:4904: checking for style of include used by make
configure:4932: result: GNU
configure:4958: checking dependency style of gcc
configure:5069: result: gcc3
configure:5087: checking for pcap_open_live in -lpcap
configure:5112: gcc -o conftest -g -O2   conftest.c -lpcap   >&5
configure:5112: $? = 0
configure:5121: result: yes
configure:5132: checking for pthread_create in -lpthread
configure:5157: gcc -o conftest -g -O2   conftest.c -lpthread  -lpcap  >&5
configure:5157: $? = 0
configure:5166: result: yes
configure:5177: checking for libnet_init in -lnet
configure:5202: gcc -o conftest -g -O2   conftest.c -lnet  -lpthread -lpcap  >&5
configure:5202: $? = 0
configure:5211: result: yes
configure:5229: checking how to run the C preprocessor
configure:5260: gcc -E  conftest.c
configure:5260: $? = 0
configure:5274: gcc -E  conftest.c
conftest.c:14:28: fatal error: ac_nonexistent.h: No such file or directory
 #include <ac_nonexistent.h>
                            ^
compilation terminated.
configure:5274: $? = 1
configure: failed program was:
| /* confdefs.h */
| #define PACKAGE_NAME "BoNeSi"
| #define PACKAGE_TARNAME "bonesi"
| #define PACKAGE_VERSION "0.3.1"
| #define PACKAGE_STRING "BoNeSi 0.3.1"
| #define PACKAGE_BUGREPORT "Markus-Go@users.noreply.github.com"
| #define PACKAGE_URL ""
| #define PACKAGE "bonesi"
| #define VERSION "0.3.1"
| #define HAVE_LIBPCAP 1
| #define HAVE_LIBPTHREAD 1
| #define HAVE_LIBNET 1
| /* end confdefs.h.  */
| #include <ac_nonexistent.h>
configure:5299: result: gcc -E
configure:5319: gcc -E  conftest.c
configure:5319: $? = 0
configure:5333: gcc -E  conftest.c
conftest.c:14:28: fatal error: ac_nonexistent.h: No such file or directory
 #include <ac_nonexistent.h>
                            ^
compilation terminated.
configure:5333: $? = 1
configure: failed program was:
| /* confdefs.h */
| #define PACKAGE_NAME "BoNeSi"
| #define PACKAGE_TARNAME "bonesi"
| #define PACKAGE_VERSION "0.3.1"
| #define PACKAGE_STRING "BoNeSi 0.3.1"
| #define PACKAGE_BUGREPORT "Markus-Go@users.noreply.github.com"
| #define PACKAGE_URL ""
| #define PACKAGE "bonesi"
| #define VERSION "0.3.1"
| #define HAVE_LIBPCAP 1
| #define HAVE_LIBPTHREAD 1
| #define HAVE_LIBNET 1
| /* end confdefs.h.  */
| #include <ac_nonexistent.h>
configure:5362: checking for grep that handles long lines and -e
configure:5420: result: /bin/grep
configure:5425: checking for egrep
configure:5487: result: /bin/grep -E
configure:5492: checking for ANSI C header files
configure:5512: gcc -c -g -O2  conftest.c >&5
configure:5512: $? = 0
configure:5585: gcc -o conftest -g -O2   conftest.c -lnet -lpthread -lpcap  >&5
configure:5585: $? = 0
configure:5585: ./conftest
configure:5585: $? = 0
configure:5596: result: yes
configure:5609: checking for sys/types.h
configure:5609: gcc -c -g -O2  conftest.c >&5
configure:5609: $? = 0
configure:5609: result: yes
configure:5609: checking for sys/stat.h
configure:5609: gcc -c -g -O2  conftest.c >&5
configure:5609: $? = 0
configure:5609: result: yes
configure:5609: checking for stdlib.h
configure:5609: gcc -c -g -O2  conftest.c >&5
configure:5609: $? = 0
configure:5609: result: yes
configure:5609: checking for string.h
configure:5609: gcc -c -g -O2  conftest.c >&5
configure:5609: $? = 0
configure:5609: result: yes
configure:5609: checking for memory.h
configure:5609: gcc -c -g -O2  conftest.c >&5
configure:5609: $? = 0
configure:5609: result: yes
configure:5609: checking for strings.h
configure:5609: gcc -c -g -O2  conftest.c >&5
configure:5609: $? = 0
configure:5609: result: yes
configure:5609: checking for inttypes.h
configure:5609: gcc -c -g -O2  conftest.c >&5
configure:5609: $? = 0
configure:5609: result: yes
configure:5609: checking for stdint.h
configure:5609: gcc -c -g -O2  conftest.c >&5
configure:5609: $? = 0
configure:5609: result: yes
configure:5609: checking for unistd.h
configure:5609: gcc -c -g -O2  conftest.c >&5
configure:5609: $? = 0
configure:5609: result: yes
configure:5624: checking for stdlib.h
configure:5624: result: yes
configure:5624: checking for string.h
configure:5624: result: yes
configure:5624: checking for unistd.h
configure:5624: result: yes
configure:5624: checking pthread.h usability
configure:5624: gcc -c -g -O2  conftest.c >&5
configure:5624: $? = 0
configure:5624: result: yes
configure:5624: checking pthread.h presence
configure:5624: gcc -E  conftest.c
configure:5624: $? = 0
configure:5624: result: yes
configure:5624: checking for pthread.h
configure:5624: result: yes
configure:5624: checking pcap.h usability
configure:5624: gcc -c -g -O2  conftest.c >&5
configure:5624: $? = 0
configure:5624: result: yes
configure:5624: checking pcap.h presence
configure:5624: gcc -E  conftest.c
configure:5624: $? = 0
configure:5624: result: yes
configure:5624: checking for pcap.h
configure:5624: result: yes
configure:5624: checking libnet.h usability
configure:5624: gcc -c -g -O2  conftest.c >&5
configure:5624: $? = 0
configure:5624: result: yes
configure:5624: checking libnet.h presence
configure:5624: gcc -E  conftest.c
configure:5624: $? = 0
configure:5624: result: yes
configure:5624: checking for libnet.h
configure:5624: result: yes
configure:5638: checking for an ANSI C-conforming const
configure:5704: gcc -c -g -O2  conftest.c >&5
configure:5704: $? = 0
configure:5711: result: yes
configure:5719: checking for inline
configure:5735: gcc -c -g -O2  conftest.c >&5
configure:5735: $? = 0
configure:5743: result: inline
configure:5761: checking for size_t
configure:5761: gcc -c -g -O2  conftest.c >&5
configure:5761: $? = 0
configure:5761: gcc -c -g -O2  conftest.c >&5
conftest.c: In function 'main':
conftest.c:66:21: error: expected expression before ')' token
 if (sizeof ((size_t)))
                     ^
configure:5761: $? = 1
configure: failed program was:
| /* confdefs.h */
| #define PACKAGE_NAME "BoNeSi"
| #define PACKAGE_TARNAME "bonesi"
| #define PACKAGE_VERSION "0.3.1"
| #define PACKAGE_STRING "BoNeSi 0.3.1"
| #define PACKAGE_BUGREPORT "Markus-Go@users.noreply.github.com"
| #define PACKAGE_URL ""
| #define PACKAGE "bonesi"
| #define VERSION "0.3.1"
| #define HAVE_LIBPCAP 1
| #define HAVE_LIBPTHREAD 1
| #define HAVE_LIBNET 1
| #define STDC_HEADERS 1
| #define HAVE_SYS_TYPES_H 1
| #define HAVE_SYS_STAT_H 1
| #define HAVE_STDLIB_H 1
| #define HAVE_STRING_H 1
| #define HAVE_MEMORY_H 1
| #define HAVE_STRINGS_H 1
| #define HAVE_INTTYPES_H 1
| #define HAVE_STDINT_H 1
| #define HAVE_UNISTD_H 1
| #define HAVE_STDLIB_H 1
| #define HAVE_STRING_H 1
| #define HAVE_UNISTD_H 1
| #define HAVE_PTHREAD_H 1
| #define HAVE_PCAP_H 1
| #define HAVE_LIBNET_H 1
| /* end confdefs.h.  */
| #include <stdio.h>
| #ifdef HAVE_SYS_TYPES_H
| # include <sys/types.h>
| #endif
| #ifdef HAVE_SYS_STAT_H
| # include <sys/stat.h>
| #endif
| #ifdef STDC_HEADERS
| # include <stdlib.h>
| # include <stddef.h>
| #else
| # ifdef HAVE_STDLIB_H
| #  include <stdlib.h>
| # endif
| #endif
| #ifdef HAVE_STRING_H
| # if !defined STDC_HEADERS && defined HAVE_MEMORY_H
| #  include <memory.h>
| # endif
| # include <string.h>
| #endif
| #ifdef HAVE_STRINGS_H
| # include <strings.h>
| #endif
| #ifdef HAVE_INTTYPES_H
| # include <inttypes.h>
| #endif
| #ifdef HAVE_STDINT_H
| # include <stdint.h>
| #endif
| #ifdef HAVE_UNISTD_H
| # include <unistd.h>
| #endif
| int
| main ()
| {
| if (sizeof ((size_t)))
| 	    return 0;
|   ;
|   return 0;
| }
configure:5761: result: yes
configure:5772: checking for ssize_t
configure:5772: gcc -c -g -O2  conftest.c >&5
configure:5772: $? = 0
configure:5772: gcc -c -g -O2  conftest.c >&5
conftest.c: In function 'main':
conftest.c:66:22: error: expected expression before ')' token
 if (sizeof ((ssize_t)))
                      ^
configure:5772: $? = 1
configure: failed program was:
| /* confdefs.h */
| #define PACKAGE_NAME "BoNeSi"
| #define PACKAGE_TARNAME "bonesi"
| #define PACKAGE_VERSION "0.3.1"
| #define PACKAGE_STRING "BoNeSi 0.3.1"
| #define PACKAGE_BUGREPORT "Markus-Go@users.noreply.github.com"
| #define PACKAGE_URL ""
| #define PACKAGE "bonesi"
| #define VERSION "0.3.1"
| #define HAVE_LIBPCAP 1
| #define HAVE_LIBPTHREAD 1
| #define HAVE_LIBNET 1
| #define STDC_HEADERS 1
| #define HAVE_SYS_TYPES_H 1
| #define HAVE_SYS_STAT_H 1
| #define HAVE_STDLIB_H 1
| #define HAVE_STRING_H 1
| #define HAVE_MEMORY_H 1
| #define HAVE_STRINGS_H 1
| #define HAVE_INTTYPES_H 1
| #define HAVE_STDINT_H 1
| #define HAVE_UNISTD_H 1
| #define HAVE_STDLIB_H 1
| #define HAVE_STRING_H 1
| #define HAVE_UNISTD_H 1
| #define HAVE_PTHREAD_H 1
| #define HAVE_PCAP_H 1
| #define HAVE_LIBNET_H 1
| /* end confdefs.h.  */
| #include <stdio.h>
| #ifdef HAVE_SYS_TYPES_H
| # include <sys/types.h>
| #endif
| #ifdef HAVE_SYS_STAT_H
| # include <sys/stat.h>
| #endif
| #ifdef STDC_HEADERS
| # include <stdlib.h>
| # include <stddef.h>
| #else
| # ifdef HAVE_STDLIB_H
| #  include <stdlib.h>
| # endif
| #endif
| #ifdef HAVE_STRING_H
| # if !defined STDC_HEADERS && defined HAVE_MEMORY_H
| #  include <memory.h>
| # endif
| # include <string.h>
| #endif
| #ifdef HAVE_STRINGS_H
| # include <strings.h>
| #endif
| #ifdef HAVE_INTTYPES_H
| # include <inttypes.h>
| #endif
| #ifdef HAVE_STDINT_H
| # include <stdint.h>
| #endif
| #ifdef HAVE_UNISTD_H
| # include <unistd.h>
| #endif
| int
| main ()
| {
| if (sizeof ((ssize_t)))
| 	    return 0;
|   ;
|   return 0;
| }
configure:5772: result: yes
configure:5783: checking whether time.h and sys/time.h may both be included
configure:5803: gcc -c -g -O2  conftest.c >&5
configure:5803: $? = 0
configure:5810: result: yes
configure:5818: checking for uint32_t
configure:5818: gcc -c -g -O2  conftest.c >&5
configure:5818: $? = 0
configure:5818: result: yes
configure:5836: checking for stdlib.h
configure:5836: result: yes
configure:5846: checking for GNU libc compatible malloc
configure:5870: gcc -o conftest -g -O2   conftest.c -lnet -lpthread -lpcap  >&5
configure:5870: $? = 0
configure:5870: ./conftest
configure:5870: $? = 0
configure:5880: result: yes
configure:5904: checking for bzero
configure:5904: gcc -o conftest -g -O2   conftest.c -lnet -lpthread -lpcap  >&5
conftest.c:56:6: warning: conflicting types for built-in function 'bzero' [enabled by default]
 char bzero ();
      ^
configure:5904: $? = 0
configure:5904: result: yes
configure:5904: checking for gettimeofday
configure:5904: gcc -o conftest -g -O2   conftest.c -lnet -lpthread -lpcap  >&5
configure:5904: $? = 0
configure:5904: result: yes
configure:5904: checking for strncasecmp
configure:5904: gcc -o conftest -g -O2   conftest.c -lnet -lpthread -lpcap  >&5
conftest.c:58:6: warning: conflicting types for built-in function 'strncasecmp' [enabled by default]
 char strncasecmp ();
      ^
configure:5904: $? = 0
configure:5904: result: yes
configure:5904: checking for strrchr
configure:5904: gcc -o conftest -g -O2   conftest.c -lnet -lpthread -lpcap  >&5
conftest.c:59:6: warning: conflicting types for built-in function 'strrchr' [enabled by default]
 char strrchr ();
      ^
configure:5904: $? = 0
configure:5904: result: yes
configure:6022: checking that generated files are newer than configure
configure:6028: result: done
configure:6051: creating ./config.status

## ---------------- ##
## Cache variables. ##
## ---------------- ##

ac_cv_c_compiler_gnu=yes
ac_cv_c_const=yes
ac_cv_c_inline=inline
ac_cv_c_uint32_t=yes
ac_cv_env_CC_set=
ac_cv_env_CC_value=
ac_cv_env_CFLAGS_set=
ac_cv_env_CFLAGS_value=
ac_cv_env_CPPFLAGS_set=
ac_cv_env_CPPFLAGS_value=
ac_cv_env_CPP_set=
ac_cv_env_CPP_value=
ac_cv_env_LDFLAGS_set=
ac_cv_env_LDFLAGS_value=
ac_cv_env_LIBS_set=
ac_cv_env_LIBS_value=
ac_cv_env_build_alias_set=
ac_cv_env_build_alias_value=
ac_cv_env_host_alias_set=
ac_cv_env_host_alias_value=
ac_cv_env_target_alias_set=
ac_cv_env_target_alias_value=
ac_cv_func_bzero=yes
ac_cv_func_gettimeofday=yes
ac_cv_func_malloc_0_nonnull=yes
ac_cv_func_strncasecmp=yes
ac_cv_func_strrchr=yes
ac_cv_header_inttypes_h=yes
ac_cv_header_libnet_h=yes
ac_cv_header_memory_h=yes
ac_cv_header_pcap_h=yes
ac_cv_header_pthread_h=yes
ac_cv_header_stdc=yes
ac_cv_header_stdint_h=yes
ac_cv_header_stdlib_h=yes
ac_cv_header_string_h=yes
ac_cv_header_strings_h=yes
ac_cv_header_sys_stat_h=yes
ac_cv_header_sys_types_h=yes
ac_cv_header_time=yes
ac_cv_header_unistd_h=yes
ac_cv_lib_net_libnet_init=yes
ac_cv_lib_pcap_pcap_open_live=yes
ac_cv_lib_pthread_pthread_create=yes
ac_cv_objext=o
ac_cv_path_EGREP='/bin/grep -E'
ac_cv_path_GREP=/bin/grep
ac_cv_path_install='/usr/bin/install -c'
ac_cv_path_mkdir=/bin/mkdir
ac_cv_prog_AWK=mawk
ac_cv_prog_CPP='gcc -E'
ac_cv_prog_ac_ct_CC=gcc
ac_cv_prog_cc_c89=
ac_cv_prog_cc_g=yes
ac_cv_prog_make_make_set=yes
ac_cv_type_size_t=yes
ac_cv_type_ssize_t=yes
am_cv_CC_dependencies_compiler_type=gcc3
am_cv_make_support_nested_variables=yes
am_cv_prog_cc_c_o=yes

## ----------------- ##
## Output variables. ##
## ----------------- ##

ACLOCAL='aclocal-1.14'
AMDEPBACKSLASH='\'
AMDEP_FALSE='#'
AMDEP_TRUE=''
AMTAR='$${TAR-tar}'
AM_BACKSLASH='\'
AM_DEFAULT_V='$(AM_DEFAULT_VERBOSITY)'
AM_DEFAULT_VERBOSITY='1'
AM_V='$(V)'
AUTOCONF='autoconf'
AUTOHEADER='autoheader'
AUTOMAKE='automake-1.14'
AWK='mawk'
CC='gcc'
CCDEPMODE='depmode=gcc3'
CFLAGS='-g -O2'
CPP='gcc -E'
CPPFLAGS=''
CYGPATH_W='echo'
DEFS='-DHAVE_CONFIG_H'
DEPDIR='.deps'
ECHO_C=''
ECHO_N='-n'
ECHO_T=''
EGREP='/bin/grep -E'
EXEEXT=''
GREP='/bin/grep'
INSTALL_DATA='${INSTALL} -m 644'
INSTALL_PROGRAM='${INSTALL}'
INSTALL_SCRIPT='${INSTALL}'
INSTALL_STRIP_PROGRAM='$(install_sh) -c -s'
LDFLAGS=''
LIBOBJS=''
LIBS='-lnet -lpthread -lpcap '
LTLIBOBJS=''
MAKEINFO='makeinfo'
MKDIR_P='/bin/mkdir -p'
OBJEXT='o'
PACKAGE='bonesi'
PACKAGE_BUGREPORT='Markus-Go@users.noreply.github.com'
PACKAGE_NAME='BoNeSi'
PACKAGE_STRING='BoNeSi 0.3.1'
PACKAGE_TARNAME='bonesi'
PACKAGE_URL=''
PACKAGE_VERSION='0.3.1'
PATH_SEPARATOR=':'
SET_MAKE=''
SHELL='/bin/bash'
STRIP=''
VERSION='0.3.1'
ac_ct_CC='gcc'
am__EXEEXT_FALSE=''
am__EXEEXT_TRUE='#'
am__fastdepCC_FALSE='#'
am__fastdepCC_TRUE=''
am__include='include'
am__isrc=''
am__leading_dot='.'
am__nodep='_no'
am__quote=''
am__tar='$${TAR-tar} chof - "$$tardir"'
am__untar='$${TAR-tar} xf -'
bindir='${exec_prefix}/bin'
build_alias=''
datadir='${datarootdir}'
datarootdir='${prefix}/share'
docdir='${datarootdir}/doc/${PACKAGE_TARNAME}'
dvidir='${docdir}'
exec_prefix='${prefix}'
host_alias=''
htmldir='${docdir}'
includedir='${prefix}/include'
infodir='${datarootdir}/info'
install_sh='${SHELL} /home/sunchen/workspace/testpage/bonesi/install-sh'
libdir='${exec_prefix}/lib'
libexecdir='${exec_prefix}/libexec'
localedir='${datarootdir}/locale'
localstatedir='${prefix}/var'
mandir='${datarootdir}/man'
mkdir_p='$(MKDIR_P)'
oldincludedir='/usr/include'
pdfdir='${docdir}'
prefix='/usr/local'
program_transform_name='s,x,x,'
psdir='${docdir}'
sbindir='${exec_prefix}/sbin'
sharedstatedir='${prefix}/com'
sysconfdir='${prefix}/etc'
target_alias=''

## ----------- ##
## confdefs.h. ##
## ----------- ##

/* confdefs.h */
#define PACKAGE_NAME "BoNeSi"
#define PACKAGE_TARNAME "bonesi"
#define PACKAGE_VERSION "0.3.1"
#define PACKAGE_STRING "BoNeSi 0.3.1"
#define PACKAGE_BUGREPORT "Markus-Go@users.noreply.github.com"
#define PACKAGE_URL ""
#define PACKAGE "bonesi"
#define VERSION "0.3.1"
#define HAVE_LIBPCAP 1
#define HAVE_LIBPTHREAD 1
#define HAVE_LIBNET 1
#define STDC_HEADERS 1
#define HAVE_SYS_TYPES_H 1
#define HAVE_SYS_STAT_H 1
#define HAVE_STDLIB_H 1
#define HAVE_STRING_H 1
#define HAVE_MEMORY_H 1
#define HAVE_STRINGS_H 1
#define HAVE_INTTYPES_H 1
#define HAVE_STDINT_H 1
#define HAVE_UNISTD_H 1
#define HAVE_STDLIB_H 1
#define HAVE_STRING_H 1
#define HAVE_UNISTD_H 1
#define HAVE_PTHREAD_H 1
#define HAVE_PCAP_H 1
#define HAVE_LIBNET_H 1
#define TIME_WITH_SYS_TIME 1
#define HAVE_STDLIB_H 1
#define HAVE_MALLOC 1
#define HAVE_BZERO 1
#define HAVE_GETTIMEOFDAY 1
#define HAVE_STRNCASECMP 1
#define HAVE_STRRCHR 1

configure: exit 0

## ---------------------- ##
## Running config.status. ##
## ---------------------- ##

This file was extended by BoNeSi config.status 0.3.1, which was
generated by GNU Autoconf 2.69.  Invocation command line was

  CONFIG_FILES    = 
  CONFIG_HEADERS  = 
  CONFIG_LINKS    = 
  CONFIG_COMMANDS = 
  $ ./config.status 

on ubuntu

config.status:870: creating Makefile
config.status:870: creating src/Makefile
config.status:870: creating man/Makefile
config.status:870: creating config.h
config.status:1051: config.h is unchanged
config.status:1099: executing depfiles commands

## ---------------------- ##
## Running config.status. ##
## ---------------------- ##

This file was extended by BoNeSi config.status 0.3.1, which was
generated by GNU Autoconf 2.69.  Invocation command line was

  CONFIG_FILES    = 
  CONFIG_HEADERS  = 
  CONFIG_LINKS    = 
  CONFIG_COMMANDS = 
  $ ./config.status config.h

on ubuntu

config.status:870: creating config.h
config.status:1051: config.h is unchanged
